{"/workspace/react_fall22/classdemo/src/App.js": {"path":"/workspace/react_fall22/classdemo/src/App.js","statementMap":{"0":{"start":{"line":6,"column":2},"end":{"line":31,"column":4}},"1":{"start":{"line":19,"column":51},"end":{"line":19,"column":142}},"2":{"start":{"line":20,"column":12},"end":{"line":20,"column":36}}},"fnMap":{"0":{"name":"App","decl":{"start":{"line":5,"column":9},"end":{"line":5,"column":12}},"loc":{"start":{"line":5,"column":15},"end":{"line":32,"column":1}},"line":5},"1":{"name":"(anonymous_1)","decl":{"start":{"line":19,"column":44},"end":{"line":19,"column":45}},"loc":{"start":{"line":19,"column":50},"end":{"line":21,"column":11}},"line":19}},"branchMap":{"0":{"loc":{"start":{"line":19,"column":81},"end":{"line":19,"column":140}},"type":"cond-expr","locations":[{"start":{"line":19,"column":124},"end":{"line":19,"column":131}},{"start":{"line":19,"column":134},"end":{"line":19,"column":140}}],"line":19}},"s":{"0":1,"1":0,"2":0},"f":{"0":1,"1":0},"b":{"0":[0,0]},"_coverageSchema":"1a1c01bbd47fc00a2c39e90264f33305004495a9","hash":"00b66c01027ce345ec72514dd742c9e3f085a71e"}
,"/workspace/react_fall22/classdemo/src/Apple.jsx": {"path":"/workspace/react_fall22/classdemo/src/Apple.jsx","statementMap":{},"fnMap":{},"branchMap":{},"s":{},"f":{},"b":{}}
,"/workspace/react_fall22/classdemo/src/index.js": {"path":"/workspace/react_fall22/classdemo/src/index.js","statementMap":{"0":{"start":{"line":6,"column":19},"end":{"line":6,"column":70}},"1":{"start":{"line":6,"column":36},"end":{"line":6,"column":69}},"2":{"start":{"line":7,"column":18},"end":{"line":7,"column":68}},"3":{"start":{"line":7,"column":35},"end":{"line":7,"column":67}},"4":{"start":{"line":9,"column":22},"end":{"line":24,"column":1}},"5":{"start":{"line":10,"column":16},"end":{"line":10,"column":156}},"6":{"start":{"line":11,"column":2},"end":{"line":11,"column":38}},"7":{"start":{"line":12,"column":2},"end":{"line":23,"column":3}},"8":{"start":{"line":26,"column":13},"end":{"line":26,"column":65}},"9":{"start":{"line":27,"column":0},"end":{"line":33,"column":2}}},"fnMap":{"0":{"name":"(anonymous_0)","decl":{"start":{"line":6,"column":30},"end":{"line":6,"column":31}},"loc":{"start":{"line":6,"column":36},"end":{"line":6,"column":69}},"line":6},"1":{"name":"(anonymous_1)","decl":{"start":{"line":7,"column":29},"end":{"line":7,"column":30}},"loc":{"start":{"line":7,"column":35},"end":{"line":7,"column":67}},"line":7},"2":{"name":"(anonymous_2)","decl":{"start":{"line":9,"column":22},"end":{"line":9,"column":23}},"loc":{"start":{"line":9,"column":38},"end":{"line":24,"column":1}},"line":9}},"branchMap":{"0":{"loc":{"start":{"line":10,"column":16},"end":{"line":10,"column":156}},"type":"cond-expr","locations":[{"start":{"line":10,"column":48},"end":{"line":10,"column":77}},{"start":{"line":10,"column":80},"end":{"line":10,"column":156}}],"line":10},"1":{"loc":{"start":{"line":10,"column":80},"end":{"line":10,"column":156}},"type":"cond-expr","locations":[{"start":{"line":10,"column":140},"end":{"line":10,"column":146}},{"start":{"line":10,"column":149},"end":{"line":10,"column":156}}],"line":10},"2":{"loc":{"start":{"line":17,"column":7},"end":{"line":17,"column":40}},"type":"binary-expr","locations":[{"start":{"line":17,"column":7},"end":{"line":17,"column":23}},{"start":{"line":17,"column":27},"end":{"line":17,"column":40}}],"line":17},"3":{"loc":{"start":{"line":18,"column":7},"end":{"line":18,"column":42}},"type":"binary-expr","locations":[{"start":{"line":18,"column":7},"end":{"line":18,"column":24}},{"start":{"line":18,"column":28},"end":{"line":18,"column":42}}],"line":18}},"s":{"0":0,"1":0,"2":0,"3":0,"4":0,"5":0,"6":0,"7":0,"8":0,"9":0},"f":{"0":0,"1":0,"2":0},"b":{"0":[0,0],"1":[0,0],"2":[0,0],"3":[0,0]}}
,"/workspace/react_fall22/classdemo/src/components/DarkTheme.js": {"path":"/workspace/react_fall22/classdemo/src/components/DarkTheme.js","statementMap":{"0":{"start":{"line":4,"column":14},"end":{"line":4,"column":25}},"1":{"start":{"line":4,"column":20},"end":{"line":4,"column":25}}},"fnMap":{"0":{"name":"(anonymous_0)","decl":{"start":{"line":4,"column":14},"end":{"line":4,"column":15}},"loc":{"start":{"line":4,"column":20},"end":{"line":4,"column":25}},"line":4}},"branchMap":{},"s":{"0":0,"1":0},"f":{"0":0},"b":{}}
,"/workspace/react_fall22/classdemo/src/components/Header.jsx": {"path":"/workspace/react_fall22/classdemo/src/components/Header.jsx","statementMap":{"0":{"start":{"line":6,"column":8},"end":{"line":6,"column":20}},"1":{"start":{"line":7,"column":8},"end":{"line":11,"column":9}},"2":{"start":{"line":15,"column":38},"end":{"line":15,"column":48}},"3":{"start":{"line":16,"column":21},"end":{"line":16,"column":36}},"4":{"start":{"line":17,"column":8},"end":{"line":37,"column":9}},"5":{"start":{"line":27,"column":69},"end":{"line":27,"column":107}},"6":{"start":{"line":32,"column":53},"end":{"line":32,"column":99}}},"fnMap":{"0":{"name":"(anonymous_0)","decl":{"start":{"line":5,"column":4},"end":{"line":5,"column":5}},"loc":{"start":{"line":5,"column":22},"end":{"line":12,"column":5}},"line":5},"1":{"name":"(anonymous_1)","decl":{"start":{"line":14,"column":4},"end":{"line":14,"column":5}},"loc":{"start":{"line":14,"column":12},"end":{"line":38,"column":5}},"line":14},"2":{"name":"(anonymous_2)","decl":{"start":{"line":27,"column":62},"end":{"line":27,"column":63}},"loc":{"start":{"line":27,"column":69},"end":{"line":27,"column":107}},"line":27},"3":{"name":"(anonymous_3)","decl":{"start":{"line":32,"column":47},"end":{"line":32,"column":48}},"loc":{"start":{"line":32,"column":53},"end":{"line":32,"column":99}},"line":32}},"branchMap":{"0":{"loc":{"start":{"line":9,"column":19},"end":{"line":9,"column":95}},"type":"cond-expr","locations":[{"start":{"line":9,"column":79},"end":{"line":9,"column":85}},{"start":{"line":9,"column":88},"end":{"line":9,"column":95}}],"line":9}},"s":{"0":2,"1":2,"2":3,"3":3,"4":3,"5":0,"6":1},"f":{"0":2,"1":3,"2":0,"3":1},"b":{"0":[1,1]},"_coverageSchema":"1a1c01bbd47fc00a2c39e90264f33305004495a9","hash":"e690bbce61a5c69d5d7780e1e0a9c0cc1cb2bfc3"}
,"/workspace/react_fall22/classdemo/src/components/LightTheme.js": {"path":"/workspace/react_fall22/classdemo/src/components/LightTheme.js","statementMap":{"0":{"start":{"line":4,"column":14},"end":{"line":4,"column":25}},"1":{"start":{"line":4,"column":20},"end":{"line":4,"column":25}}},"fnMap":{"0":{"name":"(anonymous_0)","decl":{"start":{"line":4,"column":14},"end":{"line":4,"column":15}},"loc":{"start":{"line":4,"column":20},"end":{"line":4,"column":25}},"line":4}},"branchMap":{},"s":{"0":0,"1":0},"f":{"0":0},"b":{}}
,"/workspace/react_fall22/classdemo/src/components/MainBody.jsx": {"path":"/workspace/react_fall22/classdemo/src/components/MainBody.jsx","statementMap":{"0":{"start":{"line":5,"column":28},"end":{"line":5,"column":40}},"1":{"start":{"line":8,"column":8},"end":{"line":8,"column":32}},"2":{"start":{"line":11,"column":4},"end":{"line":16,"column":5}}},"fnMap":{"0":{"name":"MainBody","decl":{"start":{"line":4,"column":9},"end":{"line":4,"column":17}},"loc":{"start":{"line":4,"column":25},"end":{"line":18,"column":1}},"line":4},"1":{"name":"handleChange","decl":{"start":{"line":7,"column":13},"end":{"line":7,"column":25}},"loc":{"start":{"line":7,"column":29},"end":{"line":9,"column":5}},"line":7}},"branchMap":{},"s":{"0":3,"1":0,"2":3},"f":{"0":3,"1":0},"b":{},"_coverageSchema":"1a1c01bbd47fc00a2c39e90264f33305004495a9","hash":"dcf1b9656196de363484ae52b16e75ae37d6da89"}
}
